[debug] ----------------------------------------------------------------------
[debug] Command:      /usr/local/Cellar/node/5.1.1/bin/node /usr/local/bin/firebase deploy
[debug] CLI Version:  3.0.4
[debug] Platform:     darwin
[debug] Node Version: v5.1.1
[debug] Time:         Thu Jul 21 2016 15:36:34 GMT+0100 (BST)
[debug] ----------------------------------------------------------------------
[debug] 
[debug] > command requires scopes: ["email","openid","https://www.googleapis.com/auth/cloudplatformprojects.readonly","https://www.googleapis.com/auth/firebase"]
[debug] > refreshing access token with scopes: ["email","https://www.googleapis.com/auth/cloudplatformprojects.readonly","https://www.googleapis.com/auth/firebase","openid"]
[debug] >>> HTTP REQUEST POST https://www.googleapis.com/oauth2/v3/token
[debug] <<< HTTP RESPONSE 200
[debug] >>> HTTP REQUEST GET https://admin.firebase.com/v1/projects/hi9-site-93824 
[error] 
[error] Error: An unknown error occurred. Please contact support.
[debug] Error Context: {
  "body": {
    "error": {
      "code": "UNKNOWN_ERROR",
      "message": "An unknown error occurred. Please contact support."
    }
  },
  "response": {
    "statusCode": 500,
    "body": {
      "error": {
        "code": "UNKNOWN_ERROR",
        "message": "An unknown error occurred. Please contact support."
      }
    },
    "headers": {
      "server": "nginx",
      "date": "Thu, 21 Jul 2016 14:36:35 GMT",
      "content-type": "application/json; charset=utf-8",
      "content-length": "97",
      "connection": "close",
      "x-content-type-options": "nosniff"
    },
    "request": {
      "uri": {
        "protocol": "https:",
        "slashes": true,
        "auth": null,
        "host": "admin.firebase.com",
        "port": 443,
        "hostname": "admin.firebase.com",
        "hash": null,
        "search": null,
        "query": null,
        "pathname": "/v1/projects/hi9-site-93824",
        "path": "/v1/projects/hi9-site-93824",
        "href": "https://admin.firebase.com/v1/projects/hi9-site-93824"
      },
      "method": "GET"
    }
  }
}
[debug] ----------------------------------------------------------------------
[debug] Command:      /usr/local/Cellar/node/5.1.1/bin/node /usr/local/bin/firebase deploy
[debug] CLI Version:  3.0.4
[debug] Platform:     darwin
[debug] Node Version: v5.1.1
[debug] Time:         Thu Jul 21 2016 15:37:37 GMT+0100 (BST)
[debug] ----------------------------------------------------------------------
[debug] 
[debug] > command requires scopes: ["email","openid","https://www.googleapis.com/auth/cloudplatformprojects.readonly","https://www.googleapis.com/auth/firebase"]
[debug] >>> HTTP REQUEST GET https://admin.firebase.com/v1/projects/hi9-site-93824 
[error] 
[error] Error: An unknown error occurred. Please contact support.
[debug] Error Context: {
  "body": {
    "error": {
      "code": "UNKNOWN_ERROR",
      "message": "An unknown error occurred. Please contact support."
    }
  },
  "response": {
    "statusCode": 500,
    "body": {
      "error": {
        "code": "UNKNOWN_ERROR",
        "message": "An unknown error occurred. Please contact support."
      }
    },
    "headers": {
      "server": "nginx",
      "date": "Thu, 21 Jul 2016 14:37:38 GMT",
      "content-type": "application/json; charset=utf-8",
      "content-length": "97",
      "connection": "close",
      "x-content-type-options": "nosniff"
    },
    "request": {
      "uri": {
        "protocol": "https:",
        "slashes": true,
        "auth": null,
        "host": "admin.firebase.com",
        "port": 443,
        "hostname": "admin.firebase.com",
        "hash": null,
        "search": null,
        "query": null,
        "pathname": "/v1/projects/hi9-site-93824",
        "path": "/v1/projects/hi9-site-93824",
        "href": "https://admin.firebase.com/v1/projects/hi9-site-93824"
      },
      "method": "GET"
    }
  }
}
[debug] ----------------------------------------------------------------------
[debug] Command:      /usr/local/Cellar/node/5.1.1/bin/node /usr/local/bin/firebase deploy
[debug] CLI Version:  3.0.4
[debug] Platform:     darwin
[debug] Node Version: v5.1.1
[debug] Time:         Thu Jul 21 2016 15:37:50 GMT+0100 (BST)
[debug] ----------------------------------------------------------------------
[debug] 
[debug] > command requires scopes: ["email","openid","https://www.googleapis.com/auth/cloudplatformprojects.readonly","https://www.googleapis.com/auth/firebase"]
[debug] >>> HTTP REQUEST GET https://admin.firebase.com/v1/projects/hi9-site-93824 
[error] 
[error] Error: An unknown error occurred. Please contact support.
[debug] Error Context: {
  "body": {
    "error": {
      "code": "UNKNOWN_ERROR",
      "message": "An unknown error occurred. Please contact support."
    }
  },
  "response": {
    "statusCode": 500,
    "body": {
      "error": {
        "code": "UNKNOWN_ERROR",
        "message": "An unknown error occurred. Please contact support."
      }
    },
    "headers": {
      "server": "nginx",
      "date": "Thu, 21 Jul 2016 14:37:50 GMT",
      "content-type": "application/json; charset=utf-8",
      "content-length": "97",
      "connection": "close",
      "x-content-type-options": "nosniff"
    },
    "request": {
      "uri": {
        "protocol": "https:",
        "slashes": true,
        "auth": null,
        "host": "admin.firebase.com",
        "port": 443,
        "hostname": "admin.firebase.com",
        "hash": null,
        "search": null,
        "query": null,
        "pathname": "/v1/projects/hi9-site-93824",
        "path": "/v1/projects/hi9-site-93824",
        "href": "https://admin.firebase.com/v1/projects/hi9-site-93824"
      },
      "method": "GET"
    }
  }
}
[debug] ----------------------------------------------------------------------
[debug] Command:      /usr/local/Cellar/node/5.1.1/bin/node /usr/local/bin/firebase deploy
[debug] CLI Version:  3.0.4
[debug] Platform:     darwin
[debug] Node Version: v5.1.1
[debug] Time:         Thu Jul 21 2016 15:41:38 GMT+0100 (BST)
[debug] ----------------------------------------------------------------------
[debug] 
[debug] > command requires scopes: ["email","openid","https://www.googleapis.com/auth/cloudplatformprojects.readonly","https://www.googleapis.com/auth/firebase"]
[debug] >>> HTTP REQUEST GET https://admin.firebase.com/v1/projects/hi9-site-93824 
[error] 
[error] Error: An unknown error occurred. Please contact support.
[debug] Error Context: {
  "body": {
    "error": {
      "code": "UNKNOWN_ERROR",
      "message": "An unknown error occurred. Please contact support."
    }
  },
  "response": {
    "statusCode": 500,
    "body": {
      "error": {
        "code": "UNKNOWN_ERROR",
        "message": "An unknown error occurred. Please contact support."
      }
    },
    "headers": {
      "server": "nginx",
      "date": "Thu, 21 Jul 2016 14:41:39 GMT",
      "content-type": "application/json; charset=utf-8",
      "content-length": "97",
      "connection": "close",
      "x-content-type-options": "nosniff"
    },
    "request": {
      "uri": {
        "protocol": "https:",
        "slashes": true,
        "auth": null,
        "host": "admin.firebase.com",
        "port": 443,
        "hostname": "admin.firebase.com",
        "hash": null,
        "search": null,
        "query": null,
        "pathname": "/v1/projects/hi9-site-93824",
        "path": "/v1/projects/hi9-site-93824",
        "href": "https://admin.firebase.com/v1/projects/hi9-site-93824"
      },
      "method": "GET"
    }
  }
}
